Using pre-set license

 COMMAND LINE ARGUMENTS:
/Applications/Unity/Hub/Editor/2020.2.4f1/Unity.app/Contents/MacOS/Unity
-adb2
-batchMode
-noUpm
-name
AssetImportWorker0
-projectPath
/Users/athena/Documents/GitHub/Power Holders Of The Realms 2D
-logFile
Logs/AssetImportWorker0.log
-srvPort
60394
Successfully changed project path to: /Users/athena/Documents/GitHub/Power Holders Of The Realms 2D
/Users/athena/Documents/GitHub/Power Holders Of The Realms 2D
Using Asset Import Pipeline V2.
Refreshing native plugins compatible for Editor in 90.84 ms, found 2 plugins.
Preloading 0 native plugins for Editor in 0.00 ms.
Initialize engine version: 2020.2.4f1 (becced5a802b)
[Subsystems] Discovering subsystems at path /Applications/Unity/Hub/Editor/2020.2.4f1/Unity.app/Contents/Resources/UnitySubsystems
[Subsystems] Discovering subsystems at path /Users/athena/Documents/GitHub/Power Holders Of The Realms 2D/Assets
GfxDevice: creating device client; threaded=0
2021-05-09 17:06:22.551 Unity[20982:1102255] Color LCD preferred device: Intel(R) Iris(TM) Plus Graphics 640 (low power)
2021-05-09 17:06:22.551 Unity[20982:1102255] Metal devices available: 1
2021-05-09 17:06:22.551 Unity[20982:1102255] 0: Intel(R) Iris(TM) Plus Graphics 640 (low power)
2021-05-09 17:06:22.552 Unity[20982:1102255] Using device Intel(R) Iris(TM) Plus Graphics 640 (low power)
Initializing Metal device caps: Intel(R) Iris(TM) Plus Graphics 640
Initialize mono
Mono path[0] = '/Applications/Unity/Hub/Editor/2020.2.4f1/Unity.app/Contents/Managed'
Mono path[1] = '/Applications/Unity/Hub/Editor/2020.2.4f1/Unity.app/Contents/MonoBleedingEdge/lib/mono/unityjit'
Mono config path = '/Applications/Unity/Hub/Editor/2020.2.4f1/Unity.app/Contents/MonoBleedingEdge/etc'
Using monoOptions --debugger-agent=transport=dt_socket,embedding=1,server=y,suspend=n,address=127.0.0.1:56982
Begin MonoManager ReloadAssembly
Registering precompiled unity dll's ...
Register platform support module: /Applications/Unity/Hub/Editor/2020.2.4f1/Unity.app/Contents/PlaybackEngines/MacStandaloneSupport/UnityEditor.OSXStandalone.Extensions.dll
Registered in 0.000702 seconds.
Native extension for OSXStandalone target not found
Refreshing native plugins compatible for Editor in 167.82 ms, found 2 plugins.
Preloading 0 native plugins for Editor in 0.00 ms.
Invoked RoslynAnalysisRunner static constructor.
RoslynAnalysisRunner will not be running.
RoslynAnalysisRunner has terminated.
Mono: successfully reloaded assembly
- Completed reload, in  3.509 seconds
Platform modules already initialized, skipping
Registering precompiled user dll's ...
Registered in 0.000684 seconds.
Begin MonoManager ReloadAssembly
Native extension for OSXStandalone target not found
Refreshing native plugins compatible for Editor in 174.40 ms, found 2 plugins.
Preloading 0 native plugins for Editor in 0.00 ms.
Invoked RoslynAnalysisRunner static constructor.
RoslynAnalysisRunner will not be running.
RoslynAnalysisRunner has terminated.
Mono: successfully reloaded assembly
- Completed reload, in  3.262 seconds
Platform modules already initialized, skipping
========================================================================
Worker process is ready to serve import requests
Launching external process: /Applications/Unity/Hub/Editor/2020.2.4f1/Unity.app/Contents/Tools/UnityShaderCompiler
Launched and connected shader compiler UnityShaderCompiler after 0.02 seconds
Refreshing native plugins compatible for Editor in 0.93 ms, found 2 plugins.
Preloading 0 native plugins for Editor in 0.00 ms.
Unloading 1880 Unused Serialized files (Serialized files now loaded: 0)
System memory in use before: 150.2 MB.
System memory in use after: 150.2 MB.

Unloading 24 unused Assets to reduce memory usage. Loaded Objects now: 2323.
Total: 3.227595 ms (FindLiveObjects: 0.394238 ms CreateObjectMapping: 0.237835 ms MarkObjects: 2.437634 ms  DeleteObjects: 0.154943 ms)

========================================================================
Received Import Request.
  path: Assets/Scripts/PauseMenu.cs
  artifactKey: Guid(f135a109939f949489ea4f9e0c719c2a) Importer(815301076,1909f56bfc062723c751e8b465ee728b)
Start importing Assets/Scripts/PauseMenu.cs using Guid(f135a109939f949489ea4f9e0c719c2a) Importer(815301076,1909f56bfc062723c751e8b465ee728b)  -> (artifact id: '5dcb65b8981e9fe40a65e2423008c861') in 0.510116 seconds
  Import took 0.517321 seconds .

========================================================================
Received Prepare
Registering precompiled user dll's ...
Registered in 0.000896 seconds.
Begin MonoManager ReloadAssembly
Native extension for OSXStandalone target not found
Refreshing native plugins compatible for Editor in 0.67 ms, found 2 plugins.
Preloading 0 native plugins for Editor in 0.00 ms.
Invoked RoslynAnalysisRunner static constructor.
RoslynAnalysisRunner will not be running.
RoslynAnalysisRunner has terminated.
Mono: successfully reloaded assembly
- Completed reload, in  1.288 seconds
Platform modules already initialized, skipping
Refreshing native plugins compatible for Editor in 0.91 ms, found 2 plugins.
Preloading 0 native plugins for Editor in 0.00 ms.
Unloading 1862 Unused Serialized files (Serialized files now loaded: 0)
System memory in use before: 153.8 MB.
System memory in use after: 153.8 MB.

Unloading 12 unused Assets to reduce memory usage. Loaded Objects now: 2326.
Total: 2.546721 ms (FindLiveObjects: 0.291267 ms CreateObjectMapping: 0.089964 ms MarkObjects: 2.051800 ms  DeleteObjects: 0.111585 ms)

========================================================================
Received Prepare
Registering precompiled user dll's ...
Registered in 0.001625 seconds.
Begin MonoManager ReloadAssembly
Native extension for OSXStandalone target not found
Refreshing native plugins compatible for Editor in 0.86 ms, found 2 plugins.
Preloading 0 native plugins for Editor in 0.00 ms.
Invoked RoslynAnalysisRunner static constructor.
RoslynAnalysisRunner will not be running.
RoslynAnalysisRunner has terminated.
Mono: successfully reloaded assembly
- Completed reload, in  1.295 seconds
Platform modules already initialized, skipping
Refreshing native plugins compatible for Editor in 0.68 ms, found 2 plugins.
Preloading 0 native plugins for Editor in 0.00 ms.
Unloading 1862 Unused Serialized files (Serialized files now loaded: 0)
System memory in use before: 154.0 MB.
System memory in use after: 154.0 MB.

Unloading 12 unused Assets to reduce memory usage. Loaded Objects now: 2329.
Total: 3.097026 ms (FindLiveObjects: 0.296211 ms CreateObjectMapping: 0.170048 ms MarkObjects: 2.483950 ms  DeleteObjects: 0.144724 ms)

========================================================================
Received Import Request.
  Time since last request: 1478.436561 seconds.
  path: Assets/Scenes/OutsideHouse.unity
  artifactKey: Guid(2cda990e2423bbf4892e6590ba056729) Importer(815301076,1909f56bfc062723c751e8b465ee728b)
Start importing Assets/Scenes/OutsideHouse.unity using Guid(2cda990e2423bbf4892e6590ba056729) Importer(815301076,1909f56bfc062723c751e8b465ee728b)  -> (artifact id: '43130f6c6c7023dd109fdb14d3461bd6') in 0.017080 seconds
  Import took 0.029432 seconds .

========================================================================
Received Import Request.
  Time since last request: 31.589417 seconds.
  path: Assets/Scripts/PauseMenu.cs
  artifactKey: Guid(f135a109939f949489ea4f9e0c719c2a) Importer(815301076,1909f56bfc062723c751e8b465ee728b)
Start importing Assets/Scripts/PauseMenu.cs using Guid(f135a109939f949489ea4f9e0c719c2a) Importer(815301076,1909f56bfc062723c751e8b465ee728b)  -> (artifact id: '2befcfe316656f245ecbef247d612549') in 0.008878 seconds
  Import took 0.012769 seconds .

========================================================================
Received Import Request.
  Time since last request: 0.031839 seconds.
  path: Assets/Scripts/PauseMenu.cs
  artifactKey: Guid(f135a109939f949489ea4f9e0c719c2a) Importer(815301076,1909f56bfc062723c751e8b465ee728b)
Start importing Assets/Scripts/PauseMenu.cs using Guid(f135a109939f949489ea4f9e0c719c2a) Importer(815301076,1909f56bfc062723c751e8b465ee728b)  -> (artifact id: '2befcfe316656f245ecbef247d612549') in 0.003960 seconds
  Import took 0.008893 seconds .

========================================================================
Received Prepare
Registering precompiled user dll's ...
Registered in 0.000687 seconds.
Begin MonoManager ReloadAssembly
Native extension for OSXStandalone target not found
Refreshing native plugins compatible for Editor in 1.02 ms, found 2 plugins.
Preloading 0 native plugins for Editor in 0.00 ms.
Invoked RoslynAnalysisRunner static constructor.
RoslynAnalysisRunner will not be running.
RoslynAnalysisRunner has terminated.
Mono: successfully reloaded assembly
- Completed reload, in  1.434 seconds
Platform modules already initialized, skipping
Refreshing native plugins compatible for Editor in 0.66 ms, found 2 plugins.
Preloading 0 native plugins for Editor in 0.00 ms.
Unloading 1862 Unused Serialized files (Serialized files now loaded: 0)
System memory in use before: 154.3 MB.
System memory in use after: 154.3 MB.

Unloading 12 unused Assets to reduce memory usage. Loaded Objects now: 2332.
Total: 2.330322 ms (FindLiveObjects: 0.276624 ms CreateObjectMapping: 0.117689 ms MarkObjects: 1.828275 ms  DeleteObjects: 0.105895 ms)

AssetImportWorkerClient::OnTransportError - code=2 error=End of file
